Determining if the C compiler works failed with the following output:


Determining if the pthread_create exist failed with the following output:
Change Dir: /home/lidatong/work/libpool/CMakeFiles/CMakeTmp

Run Build Command:"/usr/bin/make" "cmTC_167cf/fast"
/usr/bin/make -f CMakeFiles/cmTC_167cf.dir/build.make CMakeFiles/cmTC_167cf.dir/build
make[1]: Entering directory '/home/lidatong/work/libpool/CMakeFiles/CMakeTmp'
Building C object CMakeFiles/cmTC_167cf.dir/CheckSymbolExists.c.o
/usr/bin/cc     -o CMakeFiles/cmTC_167cf.dir/CheckSymbolExists.c.o   -c /home/lidatong/work/libpool/CMakeFiles/CMakeTmp/CheckSymbolExists.c
Linking C executable cmTC_167cf
/usr/bin/cmake -E cmake_link_script CMakeFiles/cmTC_167cf.dir/link.txt --verbose=1
/usr/bin/cc       CMakeFiles/cmTC_167cf.dir/CheckSymbolExists.c.o  -o cmTC_167cf -rdynamic 
CMakeFiles/cmTC_167cf.dir/CheckSymbolExists.c.o: In function `main':
CheckSymbolExists.c:(.text+0xa): undefined reference to `pthread_create'
collect2: error: ld returned 1 exit status
CMakeFiles/cmTC_167cf.dir/build.make:97: recipe for target 'cmTC_167cf' failed
make[1]: *** [cmTC_167cf] Error 1
make[1]: Leaving directory '/home/lidatong/work/libpool/CMakeFiles/CMakeTmp'
Makefile:126: recipe for target 'cmTC_167cf/fast' failed
make: *** [cmTC_167cf/fast] Error 2

File /home/lidatong/work/libpool/CMakeFiles/CMakeTmp/CheckSymbolExists.c:
/* */
#include <pthread.h>

int main(int argc, char** argv)
{
  (void)argv;
#ifndef pthread_create
  return ((int*)(&pthread_create))[argc];
#else
  (void)argc;
  return 0;
#endif
}

Determining if the function pthread_create exists in the pthreads failed with the following output:
Change Dir: /home/lidatong/work/libpool/CMakeFiles/CMakeTmp

Run Build Command:"/usr/bin/make" "cmTC_83518/fast"
/usr/bin/make -f CMakeFiles/cmTC_83518.dir/build.make CMakeFiles/cmTC_83518.dir/build
make[1]: Entering directory '/home/lidatong/work/libpool/CMakeFiles/CMakeTmp'
Building C object CMakeFiles/cmTC_83518.dir/CheckFunctionExists.c.o
/usr/bin/cc    -DCHECK_FUNCTION_EXISTS=pthread_create   -o CMakeFiles/cmTC_83518.dir/CheckFunctionExists.c.o   -c /usr/share/cmake-3.5/Modules/CheckFunctionExists.c
Linking C executable cmTC_83518
/usr/bin/cmake -E cmake_link_script CMakeFiles/cmTC_83518.dir/link.txt --verbose=1
/usr/bin/cc   -DCHECK_FUNCTION_EXISTS=pthread_create    CMakeFiles/cmTC_83518.dir/CheckFunctionExists.c.o  -o cmTC_83518 -rdynamic -lpthreads 
/usr/bin/ld: cannot find -lpthreads
collect2: error: ld returned 1 exit status
CMakeFiles/cmTC_83518.dir/build.make:97: recipe for target 'cmTC_83518' failed
make[1]: *** [cmTC_83518] Error 1
make[1]: Leaving directory '/home/lidatong/work/libpool/CMakeFiles/CMakeTmp'
Makefile:126: recipe for target 'cmTC_83518/fast' failed
make: *** [cmTC_83518/fast] Error 2


Determining if the pthread_create exist failed with the following output:
Change Dir: /home/lidatong/work/fastrpc/CMakeFiles/CMakeTmp

Run Build Command:"/usr/bin/make" "cmTC_1594c/fast"
/usr/bin/make -f CMakeFiles/cmTC_1594c.dir/build.make CMakeFiles/cmTC_1594c.dir/build
make[1]: Entering directory '/home/lidatong/work/fastrpc/CMakeFiles/CMakeTmp'
Building C object CMakeFiles/cmTC_1594c.dir/CheckSymbolExists.c.o
/usr/bin/cc     -o CMakeFiles/cmTC_1594c.dir/CheckSymbolExists.c.o   -c /home/lidatong/work/fastrpc/CMakeFiles/CMakeTmp/CheckSymbolExists.c
Linking C executable cmTC_1594c
/usr/bin/cmake -E cmake_link_script CMakeFiles/cmTC_1594c.dir/link.txt --verbose=1
/usr/bin/cc       CMakeFiles/cmTC_1594c.dir/CheckSymbolExists.c.o  -o cmTC_1594c -rdynamic 
CMakeFiles/cmTC_1594c.dir/CheckSymbolExists.c.o: In function `main':
CheckSymbolExists.c:(.text+0xa): undefined reference to `pthread_create'
collect2: error: ld returned 1 exit status
CMakeFiles/cmTC_1594c.dir/build.make:97: recipe for target 'cmTC_1594c' failed
make[1]: *** [cmTC_1594c] Error 1
make[1]: Leaving directory '/home/lidatong/work/fastrpc/CMakeFiles/CMakeTmp'
Makefile:126: recipe for target 'cmTC_1594c/fast' failed
make: *** [cmTC_1594c/fast] Error 2

File /home/lidatong/work/fastrpc/CMakeFiles/CMakeTmp/CheckSymbolExists.c:
/* */
#include <pthread.h>

int main(int argc, char** argv)
{
  (void)argv;
#ifndef pthread_create
  return ((int*)(&pthread_create))[argc];
#else
  (void)argc;
  return 0;
#endif
}

Determining if the function pthread_create exists in the pthreads failed with the following output:
Change Dir: /home/lidatong/work/fastrpc/CMakeFiles/CMakeTmp

Run Build Command:"/usr/bin/make" "cmTC_acb04/fast"
/usr/bin/make -f CMakeFiles/cmTC_acb04.dir/build.make CMakeFiles/cmTC_acb04.dir/build
make[1]: Entering directory '/home/lidatong/work/fastrpc/CMakeFiles/CMakeTmp'
Building C object CMakeFiles/cmTC_acb04.dir/CheckFunctionExists.c.o
/usr/bin/cc    -DCHECK_FUNCTION_EXISTS=pthread_create   -o CMakeFiles/cmTC_acb04.dir/CheckFunctionExists.c.o   -c /usr/share/cmake-3.5/Modules/CheckFunctionExists.c
Linking C executable cmTC_acb04
/usr/bin/cmake -E cmake_link_script CMakeFiles/cmTC_acb04.dir/link.txt --verbose=1
/usr/bin/cc   -DCHECK_FUNCTION_EXISTS=pthread_create    CMakeFiles/cmTC_acb04.dir/CheckFunctionExists.c.o  -o cmTC_acb04 -rdynamic -lpthreads 
/usr/bin/ld: cannot find -lpthreads
collect2: error: ld returned 1 exit status
CMakeFiles/cmTC_acb04.dir/build.make:97: recipe for target 'cmTC_acb04' failed
make[1]: *** [cmTC_acb04] Error 1
make[1]: Leaving directory '/home/lidatong/work/fastrpc/CMakeFiles/CMakeTmp'
Makefile:126: recipe for target 'cmTC_acb04/fast' failed
make: *** [cmTC_acb04/fast] Error 2


